<?xml version="1.0" encoding="UTF-8"?>
<testng-results ignored="0" total="1" passed="0" failed="1" skipped="0">
  <reporter-output>
  </reporter-output>
  <suite started-at="2022-03-30T15:38:29 IST" name="Default suite" finished-at="2022-03-30T15:38:44 IST" duration-ms="14456">
    <groups>
      <group name="cucumber">
        <method signature="AbstractTestNGCucumberTests.runScenario(io.cucumber.testng.PickleWrapper,io.cucumber.testng.FeatureWrapper)[pri:0, instance:runner.RunnerIO@3ee37e5a]" name="runScenario" class="io.cucumber.testng.AbstractTestNGCucumberTests"/>
      </group> <!-- cucumber -->
    </groups>
    <test started-at="2022-03-30T15:38:29 IST" name="Default test" finished-at="2022-03-30T15:38:44 IST" duration-ms="14456">
      <class name="runner.RunnerIO">
        <test-method is-config="true" signature="setUpClass()[pri:0, instance:runner.RunnerIO@3ee37e5a]" started-at="2022-03-30T15:38:29 IST" name="setUpClass" finished-at="2022-03-30T15:38:30 IST" duration-ms="272" status="PASS">
          <reporter-output>
          </reporter-output>
        </test-method> <!-- setUpClass -->
        <test-method signature="runScenario(io.cucumber.testng.PickleWrapper,io.cucumber.testng.FeatureWrapper)[pri:0, instance:runner.RunnerIO@3ee37e5a]" started-at="2022-03-30T15:38:30 IST" name="runScenario" description="Runs Cucumber Scenarios" data-provider="scenarios" finished-at="2022-03-30T15:38:44 IST" duration-ms="14062" status="FAIL">
          <params>
            <param index="0">
              <value>
                <![CDATA["As a user I want to Create new Organization with mandatory fields"]]>
              </value>
            </param>
            <param index="1">
              <value>
                <![CDATA["Optional[Data Driven Testing]"]]>
              </value>
            </param>
          </params>
          <exception class="java.lang.AssertionError">
            <message>
              <![CDATA[null]]>
            </message>
            <full-stacktrace>
              <![CDATA[java.lang.AssertionError: null
at org.testng.Assert.fail(Assert.java:99)
at org.testng.Assert.fail(Assert.java:106)
at stepDefinitions.DataDrivenTest.click_on_create_organization_lookm_up_image(DataDrivenTest.java:72)
at âœ½.Click on create organization lookm up image(file:///D:/MavenProjects/Practice.BDD/./src/test/java/features/DataDriven.feature:14)
]]>
            </full-stacktrace>
          </exception> <!-- java.lang.AssertionError -->
          <reporter-output>
          </reporter-output>
        </test-method> <!-- runScenario -->
        <test-method is-config="true" signature="tearDownClass()[pri:0, instance:runner.RunnerIO@3ee37e5a]" started-at="2022-03-30T15:38:44 IST" name="tearDownClass" finished-at="2022-03-30T15:38:44 IST" duration-ms="95" status="PASS">
          <reporter-output>
          </reporter-output>
        </test-method> <!-- tearDownClass -->
      </class> <!-- runner.RunnerIO -->
    </test> <!-- Default test -->
  </suite> <!-- Default suite -->
</testng-results>
